MATLAB is selecting SOFTWARE OPENGL rendering.

                            < M A T L A B (R) >
                  Copyright 1984-2017 The MathWorks, Inc.
                   R2017a (9.2.0.538062) 64-bit (glnxa64)
                             February 23, 2017

 
To get started, type one of these: helpwin, helpdesk, or demo.
For product information, visit www.mathworks.com.
 
>> >> >> >> >> >> >> >> >> >> >> >> >> >> >> >> >> >> >> >> >> >> >> >> >> >> >> >> >> Restarting from iteration 808, k=5, p=3.750000e-01, sim=3
>> >> >> 
ss =

     3

Elapsed time is 59.102608 seconds.

ss =

     4

Elapsed time is 113.999802 seconds.

ss =

     5

Elapsed time is 109.834953 seconds.

p =

    0.3750


ss =

     1

Elapsed time is 219.245392 seconds.

ss =

     2

Elapsed time is 224.513790 seconds.

ss =

     3

Elapsed time is 109.447357 seconds.

ss =

     4

Elapsed time is 217.156505 seconds.

ss =

     5

Elapsed time is 108.457565 seconds.

p =

    0.4000


ss =

     1

Elapsed time is 108.220407 seconds.

ss =

     2

Elapsed time is 215.786967 seconds.

ss =

     3

Elapsed time is 119.308968 seconds.

ss =

     4

Elapsed time is 215.478233 seconds.

ss =

     5

Elapsed time is 217.436226 seconds.

p =

    0.4250


ss =

     1

Elapsed time is 215.390707 seconds.

ss =

     2

Elapsed time is 215.737518 seconds.

ss =

     3

Elapsed time is 216.850574 seconds.

ss =

     4

Elapsed time is 215.740580 seconds.

ss =

     5

Elapsed time is 215.441396 seconds.

p =

    0.4500

slurmstepd: error: *** JOB 9849 ON n2124 CANCELLED AT 2017-04-28T12:11:41 ***
