MATLAB is selecting SOFTWARE OPENGL rendering.

                            < M A T L A B (R) >
                  Copyright 1984-2017 The MathWorks, Inc.
                   R2017a (9.2.0.538062) 64-bit (glnxa64)
                             February 23, 2017

 
To get started, type one of these: helpwin, helpdesk, or demo.
For product information, visit www.mathworks.com.
 
>> >> >> >> >> >> >> >> >> >> >> >> >> >> >> >> >> >> >> >> >> >> >> >> >> >> >> >> >> Restarting from iteration 782, k=5, p=2.500000e-01, sim=2
>> >> >> 
ss =

     2

Elapsed time is 212.202910 seconds.

ss =

     3

Elapsed time is 53.982689 seconds.

ss =

     4

Elapsed time is 104.883906 seconds.

ss =

     5

Elapsed time is 53.484191 seconds.

p =

    0.2500


ss =

     1

Elapsed time is 104.876690 seconds.

ss =

     2

Elapsed time is 211.432929 seconds.

ss =

     3

Elapsed time is 104.329656 seconds.

ss =

     4

Elapsed time is 105.710853 seconds.

ss =

     5

Elapsed time is 104.569230 seconds.

p =

    0.2750


ss =

     1

Elapsed time is 102.736821 seconds.

ss =

     2

Elapsed time is 102.776511 seconds.

ss =

     3

Elapsed time is 102.095723 seconds.

ss =

     4

Elapsed time is 103.254382 seconds.

ss =

     5

Elapsed time is 102.625722 seconds.

p =

    0.3000


ss =

     1

Elapsed time is 102.855163 seconds.

ss =

     2

Elapsed time is 103.580292 seconds.

ss =

     3

Elapsed time is 25.956155 seconds.

ss =

     4

Elapsed time is 52.095147 seconds.

ss =

     5

Elapsed time is 207.422946 seconds.

p =

    0.3250


ss =

     1

Elapsed time is 103.273839 seconds.

ss =

     2

Elapsed time is 204.964868 seconds.

ss =

     3

Elapsed time is 102.880740 seconds.

ss =

     4

Elapsed time is 101.986113 seconds.

ss =

     5

Elapsed time is 102.736222 seconds.

p =

    0.3500


ss =

     1

Elapsed time is 102.982749 seconds.

ss =

     2

Elapsed time is 203.492055 seconds.

ss =

     3

Elapsed time is 102.609434 seconds.

ss =

     4

Elapsed time is 103.659908 seconds.
slurmstepd: error: *** JOB 9851 ON n2133 CANCELLED AT 2017-04-28T12:11:41 ***
