MATLAB is selecting SOFTWARE OPENGL rendering.

                            < M A T L A B (R) >
                  Copyright 1984-2017 The MathWorks, Inc.
                   R2017a (9.2.0.538062) 64-bit (glnxa64)
                             February 23, 2017

 
To get started, type one of these: helpwin, helpdesk, or demo.
For product information, visit www.mathworks.com.
 
>> >> >> >> >> >> >> >> >> >> >> >> >> >> >> >> >> >> >> >> >> >> >> >> >> >> >> >> >> Restarting from iteration 783, k=5, p=2.500000e-01, sim=3
>> >> >> 
ss =

     3

Elapsed time is 119.407346 seconds.

ss =

     4

Elapsed time is 58.579825 seconds.

ss =

     5

Elapsed time is 229.363081 seconds.

p =

    0.2500


ss =

     1

Elapsed time is 115.314132 seconds.

ss =

     2

Elapsed time is 113.986675 seconds.
slurmstepd: error: *** JOB 9839 ON n2127 CANCELLED AT 2017-04-28T12:11:41 ***
