MATLAB is selecting SOFTWARE OPENGL rendering.

                            < M A T L A B (R) >
                  Copyright 1984-2017 The MathWorks, Inc.
                   R2017a (9.2.0.538062) 64-bit (glnxa64)
                             February 23, 2017

 
To get started, type one of these: helpwin, helpdesk, or demo.
For product information, visit www.mathworks.com.
 
>> >> >> >> >> >> >> >> >> >> >> >> >> >> >> >> >> >> >> >> >> >> >> >> >> >> >> >> >> Restarting from iteration 1572, k=9, p=5.000000e-01, sim=2
>> >> >> 
ss =

     2

Elapsed time is 751.588397 seconds.

ss =

     3

Elapsed time is 421.971234 seconds.

ss =

     4

Elapsed time is 371.076634 seconds.

ss =

     5

Elapsed time is 371.439500 seconds.

p =

    0.5000


ss =

     1

Elapsed time is 367.788210 seconds.

ss =

     2

Elapsed time is 371.574115 seconds.

ss =

     3

Elapsed time is 369.298092 seconds.

ss =

     4

Elapsed time is 367.184550 seconds.

ss =

     5

Elapsed time is 370.398472 seconds.

p =

    0.5250


ss =

     1

Elapsed time is 369.824893 seconds.

ss =

     2

Elapsed time is 183.343106 seconds.

ss =

     3

Elapsed time is 184.037949 seconds.

ss =

     4

Elapsed time is 183.940206 seconds.

ss =

     5

Elapsed time is 367.737137 seconds.

p =

    0.5500


ss =

     1

Elapsed time is 365.205680 seconds.

ss =

     2

Elapsed time is 366.010290 seconds.

ss =

     3

Elapsed time is 367.025245 seconds.

ss =

     4

Elapsed time is 367.244167 seconds.

ss =

     5

Elapsed time is 369.680354 seconds.

p =

    0.5750


ss =

     1

Elapsed time is 366.300814 seconds.

ss =

     2

Elapsed time is 366.888884 seconds.

ss =

     3

Elapsed time is 367.210542 seconds.

ss =

     4

Elapsed time is 367.515196 seconds.

ss =

     5

Elapsed time is 366.279471 seconds.

p =

    0.6000


ss =

     1

Elapsed time is 366.407706 seconds.

ss =

     2

Elapsed time is 366.009181 seconds.

ss =

     3

Elapsed time is 365.956055 seconds.

ss =

     4

Elapsed time is 370.557750 seconds.

ss =

     5

Elapsed time is 368.776299 seconds.

p =

    0.6250


ss =

     1

Elapsed time is 367.323151 seconds.

ss =

     2

Elapsed time is 367.075923 seconds.

ss =

     3

Elapsed time is 365.809061 seconds.

ss =

     4

Elapsed time is 367.472195 seconds.

ss =

     5

Elapsed time is 367.790795 seconds.

p =

    0.6500


ss =

     1

Elapsed time is 364.805464 seconds.

ss =

     2

Elapsed time is 367.870096 seconds.

ss =

     3

Elapsed time is 365.703752 seconds.

ss =

     4

Elapsed time is 367.008206 seconds.

ss =

     5

Elapsed time is 366.956715 seconds.

p =

    0.6750


ss =

     1

Elapsed time is 184.102579 seconds.

ss =

     2

Elapsed time is 369.852567 seconds.

ss =

     3

Elapsed time is 184.626924 seconds.

ss =

     4

Elapsed time is 367.821475 seconds.

ss =

     5

Elapsed time is 183.945829 seconds.

p =

    0.7000


ss =

     1

Elapsed time is 366.866586 seconds.

ss =

     2

Elapsed time is 183.997261 seconds.

ss =

     3

Elapsed time is 184.290513 seconds.

ss =

     4

Elapsed time is 184.346197 seconds.

ss =

     5

Elapsed time is 92.848749 seconds.

p =

    0.7250


ss =

     1

Elapsed time is 93.308673 seconds.

ss =

     2

Elapsed time is 366.709797 seconds.

ss =

     3

Elapsed time is 184.688980 seconds.

ss =

     4

Elapsed time is 365.795878 seconds.

ss =

     5

Elapsed time is 370.399869 seconds.

p =

    0.7500


ss =

     1

Elapsed time is 184.003240 seconds.

ss =

     2

Elapsed time is 185.132168 seconds.

ss =

     3

Elapsed time is 366.428207 seconds.

ss =

     4

Elapsed time is 367.673604 seconds.

ss =

     5

Elapsed time is 184.247620 seconds.

p =

    0.7750


ss =

     1

Elapsed time is 183.104042 seconds.

ss =

     2

Elapsed time is 183.971607 seconds.

ss =

     3

Elapsed time is 183.846731 seconds.

ss =

     4

Elapsed time is 366.208565 seconds.

ss =

     5

Elapsed time is 370.627033 seconds.

p =

    0.8000


ss =

     1

Elapsed time is 184.486385 seconds.

ss =

     2

Elapsed time is 183.774750 seconds.

ss =

     3

Elapsed time is 184.757463 seconds.

ss =

     4

Elapsed time is 92.375679 seconds.

ss =

     5

Elapsed time is 183.671177 seconds.

p =

    0.8250


ss =

     1

Elapsed time is 183.610775 seconds.

ss =

     2

Elapsed time is 184.107101 seconds.

ss =

     3

Elapsed time is 24.156926 seconds.

ss =

     4

Elapsed time is 366.676088 seconds.

ss =

     5

Elapsed time is 183.533922 seconds.

p =

    0.8500


ss =

     1

Elapsed time is 367.065688 seconds.

ss =

     2

Elapsed time is 184.377126 seconds.

ss =

     3

Elapsed time is 185.309476 seconds.

ss =

     4

Elapsed time is 24.307622 seconds.

ss =

     5

Elapsed time is 24.686717 seconds.

p =

    0.8750


ss =

     1

Elapsed time is 24.063317 seconds.

ss =

     2

Elapsed time is 92.407756 seconds.

ss =

     3

Elapsed time is 24.222718 seconds.

ss =

     4

Elapsed time is 47.168570 seconds.

ss =

     5

Elapsed time is 24.122051 seconds.

p =

    0.9000


ss =

     1

Elapsed time is 23.645840 seconds.

ss =

     2

Elapsed time is 186.464565 seconds.

ss =

     3

Elapsed time is 24.379500 seconds.

ss =

     4

Elapsed time is 24.042619 seconds.

ss =

     5

Elapsed time is 23.903912 seconds.

p =

    0.9250


ss =

     1

Elapsed time is 24.305477 seconds.

ss =

     2

Elapsed time is 12.660548 seconds.

ss =

     3

Elapsed time is 12.475834 seconds.

ss =

     4

Elapsed time is 12.700840 seconds.

ss =

     5

Elapsed time is 12.695963 seconds.

p =

    0.9500


k =

     9

>> Finished Simulation
>> 