MATLAB is selecting SOFTWARE OPENGL rendering.

                            < M A T L A B (R) >
                  Copyright 1984-2017 The MathWorks, Inc.
                   R2017a (9.2.0.538062) 64-bit (glnxa64)
                             February 23, 2017

 
To get started, type one of these: helpwin, helpdesk, or demo.
For product information, visit www.mathworks.com.
 
>> >> >> >> >> >> >> >> >> >> >> >> >> >> >> >> >> >> >> >> >> >> >> >> >> >> >> >> >> Restarting from iteration 1601, k=9, p=6.500000e-01, sim=1
>> >> >> 
ss =

     1

Elapsed time is 196.666607 seconds.

ss =

     2

Elapsed time is 387.828545 seconds.

ss =

     3

Elapsed time is 386.353596 seconds.

ss =

     4

Elapsed time is 240.935597 seconds.

ss =

     5

Elapsed time is 383.749250 seconds.

p =

    0.6500


ss =

     1

Elapsed time is 382.557347 seconds.

ss =

     2

Elapsed time is 191.855067 seconds.

ss =

     3

Elapsed time is 382.387903 seconds.

ss =

     4

Elapsed time is 191.593350 seconds.

ss =

     5

Elapsed time is 383.949437 seconds.

p =

    0.6750


ss =

     1

Elapsed time is 96.253215 seconds.

ss =

     2

Elapsed time is 192.449557 seconds.

ss =

     3

Elapsed time is 191.617719 seconds.

ss =

     4

Elapsed time is 192.225525 seconds.

ss =

     5

Elapsed time is 382.698572 seconds.

p =

    0.7000


ss =

     1

Elapsed time is 192.320587 seconds.

ss =

     2

Elapsed time is 191.556247 seconds.

ss =

     3

Elapsed time is 192.139113 seconds.

ss =

     4

Elapsed time is 391.136693 seconds.

ss =

     5

Elapsed time is 191.382969 seconds.

p =

    0.7250


ss =

     1

Elapsed time is 191.329949 seconds.

ss =

     2

Elapsed time is 381.807472 seconds.

ss =

     3

Elapsed time is 190.419077 seconds.

ss =

     4

Elapsed time is 381.721663 seconds.

ss =

     5

Elapsed time is 191.185331 seconds.

p =

    0.7500


ss =

     1

Elapsed time is 190.996075 seconds.

ss =

     2

Elapsed time is 191.514084 seconds.

ss =

     3

Elapsed time is 382.429832 seconds.

ss =

     4

Elapsed time is 48.627414 seconds.

ss =

     5

Elapsed time is 191.185191 seconds.

p =

    0.7750


ss =

     1

Elapsed time is 191.182049 seconds.

ss =

     2

Elapsed time is 380.475564 seconds.

ss =

     3

Elapsed time is 95.933291 seconds.

ss =

     4

Elapsed time is 97.468843 seconds.

ss =

     5

Elapsed time is 381.009857 seconds.

p =

    0.8000


ss =

     1

Elapsed time is 379.783091 seconds.

ss =

     2

Elapsed time is 381.463095 seconds.

ss =

     3

Elapsed time is 191.151688 seconds.

ss =

     4

Elapsed time is 191.460293 seconds.

ss =

     5

Elapsed time is 381.581731 seconds.

p =

    0.8250


ss =

     1

Elapsed time is 379.492294 seconds.

ss =

     2

Elapsed time is 190.187684 seconds.

ss =

     3

Elapsed time is 414.986397 seconds.

ss =

     4

Elapsed time is 191.117521 seconds.

ss =

     5

Elapsed time is 191.299241 seconds.

p =

    0.8500


ss =

     1

Elapsed time is 192.554993 seconds.

ss =

     2

Elapsed time is 193.218875 seconds.

ss =

     3

Elapsed time is 48.864126 seconds.

ss =

     4

Elapsed time is 49.062240 seconds.

ss =

     5

Elapsed time is 48.923155 seconds.

p =

    0.8750


ss =

     1

Elapsed time is 123.592273 seconds.

ss =

     2

Elapsed time is 24.977612 seconds.

ss =

     3

Elapsed time is 191.402507 seconds.

ss =

     4

Elapsed time is 190.801392 seconds.

ss =

     5

Elapsed time is 24.985299 seconds.

p =

    0.9000


ss =

     1

Elapsed time is 24.923787 seconds.

ss =

     2

Elapsed time is 245.779709 seconds.

ss =

     3

Elapsed time is 25.446672 seconds.

ss =

     4

Elapsed time is 13.159865 seconds.

ss =

     5

Elapsed time is 13.120178 seconds.

p =

    0.9250


ss =

     1

Elapsed time is 25.308368 seconds.

ss =

     2

Elapsed time is 96.764088 seconds.

ss =

     3

Elapsed time is 13.332877 seconds.

ss =

     4

Elapsed time is 12.918888 seconds.

ss =

     5

Elapsed time is 6.754217 seconds.

p =

    0.9500


k =

     9

>> Finished Simulation
>> 